[18:49:45] [ServerMain/INFO]: Environment: Environment[sessionHost=https://sessionserver.mojang.com, servicesHost=https://api.minecraftservices.com, name=PROD]
[18:49:49] [ServerMain/INFO]: Loaded 1175 recipes
[18:49:49] [ServerMain/INFO]: Loaded 1276 advancements
[18:49:50] [Server thread/INFO]: Starting minecraft server version 1.20.6
[18:49:50] [Server thread/INFO]: Loading properties
[18:49:50] [Server thread/INFO]: Default game type: SURVIVAL
[18:49:50] [Server thread/INFO]: Generating keypair
[18:49:50] [Server thread/INFO]: Starting Minecraft server on *:25565
[18:49:51] [Server thread/INFO]: Using epoll channel type
[18:49:51] [Server thread/INFO]: Preparing level "world"
[18:49:56] [Server thread/INFO]: Preparing start region for dimension minecraft:overworld
[18:49:56] [Worker-Main-11/INFO]: Preparing spawn area: 2%
[18:49:57] [Worker-Main-7/INFO]: Preparing spawn area: 2%
[18:49:57] [Worker-Main-3/INFO]: Preparing spawn area: 2%
[18:49:58] [Worker-Main-9/INFO]: Preparing spawn area: 2%
[18:49:58] [Worker-Main-4/INFO]: Preparing spawn area: 8%
[18:49:59] [Worker-Main-6/INFO]: Preparing spawn area: 12%
[18:49:59] [Worker-Main-10/INFO]: Preparing spawn area: 18%
[18:50:00] [Worker-Main-8/INFO]: Preparing spawn area: 28%
[18:50:00] [Worker-Main-11/INFO]: Preparing spawn area: 32%
[18:50:01] [Worker-Main-3/INFO]: Preparing spawn area: 46%
[18:50:01] [Worker-Main-5/INFO]: Preparing spawn area: 59%
[18:50:02] [Worker-Main-11/INFO]: Preparing spawn area: 77%
[18:50:02] [Server thread/INFO]: Time elapsed: 5971 ms
[18:50:02] [Server thread/INFO]: Done (11.072s)! For help, type "help"
